<?xml version="1.0" encoding="UTF-8"?>
<coverage generated="1668863227939" clover="3.2.0">
  <project timestamp="1668863227939" name="All files">
    <metrics statements="11" coveredstatements="6" conditionals="5" coveredconditionals="1" methods="2" coveredmethods="1" elements="18" coveredelements="8" complexity="0" loc="11" ncloc="11" packages="1" files="1" classes="1"/>
    <file name="utilsApi.ts" path="/Users/nurvel/Documents/repos/nurvel/coffee-o-meter/common/utilsApi.ts">
      <metrics statements="11" coveredstatements="6" conditionals="5" coveredconditionals="1" methods="2" coveredmethods="1"/>
      <line num="6" count="1" type="stmt"/>
      <line num="8" count="1" type="cond" truecount="1" falsecount="1"/>
      <line num="12" count="1" type="stmt"/>
      <line num="17" count="2" type="stmt"/>
      <line num="18" count="2" type="stmt"/>
      <line num="21" count="1" type="stmt"/>
      <line num="22" count="0" type="cond" truecount="0" falsecount="1"/>
      <line num="23" count="0" type="stmt"/>
      <line num="24" count="0" type="stmt"/>
      <line num="26" count="0" type="stmt"/>
      <line num="27" count="0" type="cond" truecount="0" falsecount="2"/>
    </file>
  </project>
</coverage>
