{"/Users/nurvel/Documents/repos/nurvel/coffee-o-meter/common/utilsApi.ts": {"path":"/Users/nurvel/Documents/repos/nurvel/coffee-o-meter/common/utilsApi.ts","statementMap":{"0":{"start":{"line":6,"column":39},"end":{"line":6,"column":40}},"1":{"start":{"line":8,"column":2},"end":{"line":10,"column":44}},"2":{"start":{"line":12,"column":30},"end":{"line":19,"column":1}},"3":{"start":{"line":17,"column":29},"end":{"line":17,"column":68}},"4":{"start":{"line":18,"column":2},"end":{"line":18,"column":65}},"5":{"start":{"line":12,"column":13},"end":{"line":12,"column":30}},"6":{"start":{"line":21,"column":27},"end":{"line":28,"column":1}},"7":{"start":{"line":22,"column":2},"end":{"line":22,"column":22}},"8":{"start":{"line":22,"column":13},"end":{"line":22,"column":22}},"9":{"start":{"line":23,"column":26},"end":{"line":23,"column":36}},"10":{"start":{"line":24,"column":29},"end":{"line":24,"column":62}},"11":{"start":{"line":26,"column":4},"end":{"line":26,"column":67}},"12":{"start":{"line":27,"column":2},"end":{"line":27,"column":37}},"13":{"start":{"line":21,"column":13},"end":{"line":21,"column":27}}},"fnMap":{"0":{"name":"(anonymous_0)","decl":{"start":{"line":12,"column":30},"end":{"line":12,"column":null}},"loc":{"start":{"line":15,"column":17},"end":{"line":19,"column":1}}},"1":{"name":"(anonymous_1)","decl":{"start":{"line":21,"column":27},"end":{"line":21,"column":28}},"loc":{"start":{"line":21,"column":57},"end":{"line":28,"column":1}}}},"branchMap":{"0":{"loc":{"start":{"line":8,"column":2},"end":{"line":10,"column":44}},"type":"cond-expr","locations":[{"start":{"line":9,"column":6},"end":{"line":9,"column":11}},{"start":{"line":10,"column":6},"end":{"line":10,"column":44}}]},"1":{"loc":{"start":{"line":22,"column":2},"end":{"line":22,"column":22}},"type":"if","locations":[{"start":{"line":22,"column":2},"end":{"line":22,"column":22}}]},"2":{"loc":{"start":{"line":27,"column":9},"end":{"line":27,"column":36}},"type":"cond-expr","locations":[{"start":{"line":27,"column":24},"end":{"line":27,"column":25}},{"start":{"line":27,"column":28},"end":{"line":27,"column":36}}]}},"s":{"0":1,"1":1,"2":1,"3":2,"4":2,"5":1,"6":1,"7":0,"8":0,"9":0,"10":0,"11":0,"12":0,"13":1},"f":{"0":2,"1":0},"b":{"0":[0,1],"1":[0],"2":[0,0]}}
}
